The target system is: Generic - 3.5.99 - arm
The host system is: Linux - 5.15.90.1-microsoft-standard-WSL2 - x86_64
Compiling the C compiler identification source file "CMakeCCompilerId.c" succeeded.
Compiler: /home/cadet/zephyr-sdk-0.16.3/arm-zephyr-eabi/bin/arm-zephyr-eabi-gcc 
Build flags: 
Id flags: -c 

The output was:
0


Compilation of the C compiler identification source "CMakeCCompilerId.c" produced "CMakeCCompilerId.o"

The C compiler identification is GNU, found in "/home/cadet/pzaHA-workspace/ppp-poc/build-ppp/CMakeFiles/3.22.1/CompilerIdC/CMakeCCompilerId.o"

Compiling the CXX compiler identification source file "CMakeCXXCompilerId.cpp" succeeded.
Compiler: /home/cadet/zephyr-sdk-0.16.3/arm-zephyr-eabi/bin/arm-zephyr-eabi-g++ 
Build flags: 
Id flags: -c 

The output was:
0


Compilation of the CXX compiler identification source "CMakeCXXCompilerId.cpp" produced "CMakeCXXCompilerId.o"

The CXX compiler identification is GNU, found in "/home/cadet/pzaHA-workspace/ppp-poc/build-ppp/CMakeFiles/3.22.1/CompilerIdCXX/CMakeCXXCompilerId.o"

Checking whether the ASM compiler is GNU using "--version" matched "(GNU assembler)|(GCC)|(Free Software Foundation)":
arm-zephyr-eabi-gcc (Zephyr SDK 0.16.3) 12.2.0
Copyright (C) 2022 Free Software Foundation, Inc.
This is free software; see the source for copying conditions.  There is NO
warranty; not even for MERCHANTABILITY or FITNESS FOR A PARTICULAR PURPOSE.

Performing C SOURCE FILE Test check_fmacro_prefix_map__home_cadet_pzaHA_workspace_ppp_poc_mqtt_publisher_CMAKE_SOURCE_DIR_C__nostartfiles__nostdlib__isystem___home_cadet_zephyr_sdk_0_16_3_arm_zephyr_eabi_bin____lib_gcc_arm_zephyr_eabi_12_2_0_include___isystem___home_cadet_zephyr_sdk_0_16_3_arm_zephyr_eabi_bin____lib_gcc_arm_zephyr_eabi_12_2_0_include_fixed___Wl___unresolved_symbols_ignore_in_object_files__Wl___entry_0 succeeded with the following output:
Change Dir: /home/cadet/pzaHA-workspace/ppp-poc/build-ppp/CMakeFiles/CMakeTmp

Run Build Command(s):/usr/bin/ninja cmTC_00995 && [1/2] Building C object CMakeFiles/cmTC_00995.dir/src.c.obj
[2/2] Linking C executable cmTC_00995


Source file was:
int main(void) { return 0; }
