The target system is: Generic - 3.5.99 - arm
The host system is: Linux - 5.15.0-87-generic - x86_64
Compiling the C compiler identification source file "CMakeCCompilerId.c" succeeded.
Compiler: /home/bryan/zephyr-sdk-0.16.3/arm-zephyr-eabi/bin/arm-zephyr-eabi-gcc 
Build flags: 
Id flags: -c 

The output was:
0


Compilation of the C compiler identification source "CMakeCCompilerId.c" produced "CMakeCCompilerId.o"

The C compiler identification is GNU, found in "/home/bryan/pzaHa-workspace/panduzaHA-ng/ppp-poc/build-f446/CMakeFiles/3.22.1/CompilerIdC/CMakeCCompilerId.o"

Compiling the CXX compiler identification source file "CMakeCXXCompilerId.cpp" succeeded.
Compiler: /home/bryan/zephyr-sdk-0.16.3/arm-zephyr-eabi/bin/arm-zephyr-eabi-g++ 
Build flags: 
Id flags: -c 

The output was:
0


Compilation of the CXX compiler identification source "CMakeCXXCompilerId.cpp" produced "CMakeCXXCompilerId.o"

The CXX compiler identification is GNU, found in "/home/bryan/pzaHa-workspace/panduzaHA-ng/ppp-poc/build-f446/CMakeFiles/3.22.1/CompilerIdCXX/CMakeCXXCompilerId.o"

Checking whether the ASM compiler is GNU using "--version" matched "(GNU assembler)|(GCC)|(Free Software Foundation)":
arm-zephyr-eabi-gcc (Zephyr SDK 0.16.3) 12.2.0
Copyright (C) 2022 Free Software Foundation, Inc.
This is free software; see the source for copying conditions.  There is NO
warranty; not even for MERCHANTABILITY or FITNESS FOR A PARTICULAR PURPOSE.

Performing C SOURCE FILE Test check_C__nostartfiles__nostdlib__isystem___home_bryan_zephyr_sdk_0_16_3_arm_zephyr_eabi_bin____lib_gcc_arm_zephyr_eabi_12_2_0_include___isystem___home_bryan_zephyr_sdk_0_16_3_arm_zephyr_eabi_bin____lib_gcc_arm_zephyr_eabi_12_2_0_include_fixed___Wl___unresolved_symbols_ignore_in_object_files__Wl___entry_0__mcpu_cortex_m4__mthumb__mabi_aapcs__mfp16_format_ieee__mtp_soft succeeded with the following output:
Change Dir: /home/bryan/pzaHa-workspace/panduzaHA-ng/ppp-poc/build-f446/CMakeFiles/CMakeTmp

Run Build Command(s):/home/bryan/.local/bin/ninja cmTC_036e2 && [1/2] Building C object CMakeFiles/cmTC_036e2.dir/src.c.obj
[2/2] Linking C executable cmTC_036e2


Source file was:
int main(void) { return 0; }
Performing C SOURCE FILE Test check_fmacro_prefix_map__home_bryan_pzaHa_workspace_panduzaHA_ng_ppp_poc_mqtt_publisher_CMAKE_SOURCE_DIR_C__nostartfiles__nostdlib__isystem___home_bryan_zephyr_sdk_0_16_3_arm_zephyr_eabi_bin____lib_gcc_arm_zephyr_eabi_12_2_0_include___isystem___home_bryan_zephyr_sdk_0_16_3_arm_zephyr_eabi_bin____lib_gcc_arm_zephyr_eabi_12_2_0_include_fixed___Wl___unresolved_symbols_ignore_in_object_files__Wl___entry_0 succeeded with the following output:
Change Dir: /home/bryan/pzaHa-workspace/panduzaHA-ng/ppp-poc/build-f446/CMakeFiles/CMakeTmp

Run Build Command(s):/home/bryan/.local/bin/ninja cmTC_e201b && [1/2] Building C object CMakeFiles/cmTC_e201b.dir/src.c.obj
[2/2] Linking C executable cmTC_e201b


Source file was:
int main(void) { return 0; }
